[2022-10-27 19:31:42,996] {taskinstance.py:1179} INFO - Dependencies all met for <TaskInstance: Carga_Incremental_DB.Generar_Excel_de_Precios manual__2022-10-27T19:25:23.755318+00:00 [queued]>
[2022-10-27 19:31:43,005] {taskinstance.py:1179} INFO - Dependencies all met for <TaskInstance: Carga_Incremental_DB.Generar_Excel_de_Precios manual__2022-10-27T19:25:23.755318+00:00 [queued]>
[2022-10-27 19:31:43,006] {taskinstance.py:1376} INFO - 
--------------------------------------------------------------------------------
[2022-10-27 19:31:43,006] {taskinstance.py:1377} INFO - Starting attempt 1 of 1
[2022-10-27 19:31:43,006] {taskinstance.py:1378} INFO - 
--------------------------------------------------------------------------------
[2022-10-27 19:31:43,019] {taskinstance.py:1397} INFO - Executing <Task(PythonOperator): Generar_Excel_de_Precios> on 2022-10-27 19:25:23.755318+00:00
[2022-10-27 19:31:43,024] {standard_task_runner.py:52} INFO - Started process 646 to run task
[2022-10-27 19:31:43,027] {standard_task_runner.py:79} INFO - Running: ['***', 'tasks', 'run', 'Carga_Incremental_DB', 'Generar_Excel_de_Precios', 'manual__2022-10-27T19:25:23.755318+00:00', '--job-id', '90', '--raw', '--subdir', 'DAGS_FOLDER/Carga_Incremental.py', '--cfg-path', '/tmp/tmpfu15mw9d', '--error-file', '/tmp/tmppcbhejbh']
[2022-10-27 19:31:43,028] {standard_task_runner.py:80} INFO - Job 90: Subtask Generar_Excel_de_Precios
[2022-10-27 19:31:43,089] {task_command.py:371} INFO - Running <TaskInstance: Carga_Incremental_DB.Generar_Excel_de_Precios manual__2022-10-27T19:25:23.755318+00:00 [running]> on host 99c9152f3686
[2022-10-27 19:31:43,159] {taskinstance.py:1591} INFO - Exporting the following env vars:
AIRFLOW_CTX_DAG_OWNER=***
AIRFLOW_CTX_DAG_ID=Carga_Incremental_DB
AIRFLOW_CTX_TASK_ID=Generar_Excel_de_Precios
AIRFLOW_CTX_EXECUTION_DATE=2022-10-27T19:25:23.755318+00:00
AIRFLOW_CTX_TRY_NUMBER=1
AIRFLOW_CTX_DAG_RUN_ID=manual__2022-10-27T19:25:23.755318+00:00
[2022-10-27 19:34:21,514] {python.py:173} INFO - Done. Returned value was: None
[2022-10-27 19:34:21,533] {taskinstance.py:1420} INFO - Marking task as SUCCESS. dag_id=Carga_Incremental_DB, task_id=Generar_Excel_de_Precios, execution_date=20221027T192523, start_date=20221027T193142, end_date=20221027T193421
[2022-10-27 19:34:21,639] {local_task_job.py:156} INFO - Task exited with return code 0
[2022-10-27 19:34:21,661] {local_task_job.py:273} INFO - 0 downstream tasks scheduled from follow-on schedule check
